0 info it worked if it ends with ok
1 verbose cli [ '/home/teh35g/.nvm/versions/node/v7.7.4/bin/node',
1 verbose cli   '/home/teh35g/.nvm/versions/node/v7.7.4/bin/npm',
1 verbose cli   'run',
1 verbose cli   'test' ]
2 info using npm@4.1.2
3 info using node@v7.7.4
4 verbose run-script [ 'pretest', 'test', 'posttest' ]
5 info lifecycle primeiro@1.0.0~pretest: primeiro@1.0.0
6 silly lifecycle primeiro@1.0.0~pretest: no script for pretest, continuing
7 info lifecycle primeiro@1.0.0~test: primeiro@1.0.0
8 verbose lifecycle primeiro@1.0.0~test: unsafe-perm in lifecycle true
9 verbose lifecycle primeiro@1.0.0~test: PATH: /home/teh35g/.nvm/versions/node/v7.7.4/lib/node_modules/npm/bin/node-gyp-bin:/home/teh35g/Algoritimos/primeiro/node_modules/.bin:/home/teh35g/.nvm/versions/node/v7.7.4/bin:/home/teh35g/bin:/home/teh35g/.local/bin:/usr/local/sbin:/usr/local/bin:/usr/sbin:/usr/bin:/sbin:/bin:/usr/games:/usr/local/games:/snap/bin
10 verbose lifecycle primeiro@1.0.0~test: CWD: /home/teh35g/Algoritimos/primeiro
11 silly lifecycle primeiro@1.0.0~test: Args: [ '-c', 'lab calc.spec.js' ]
12 silly lifecycle primeiro@1.0.0~test: Returned: code: 1  signal: null
13 info lifecycle primeiro@1.0.0~test: Failed to exec test script
14 verbose stack Error: primeiro@1.0.0 test: `lab calc.spec.js`
14 verbose stack Exit status 1
14 verbose stack     at EventEmitter.<anonymous> (/home/teh35g/.nvm/versions/node/v7.7.4/lib/node_modules/npm/lib/utils/lifecycle.js:279:16)
14 verbose stack     at emitTwo (events.js:106:13)
14 verbose stack     at EventEmitter.emit (events.js:194:7)
14 verbose stack     at ChildProcess.<anonymous> (/home/teh35g/.nvm/versions/node/v7.7.4/lib/node_modules/npm/lib/utils/spawn.js:40:14)
14 verbose stack     at emitTwo (events.js:106:13)
14 verbose stack     at ChildProcess.emit (events.js:194:7)
14 verbose stack     at maybeClose (internal/child_process.js:899:16)
14 verbose stack     at Process.ChildProcess._handle.onexit (internal/child_process.js:226:5)
15 verbose pkgid primeiro@1.0.0
16 verbose cwd /home/teh35g/Algoritimos/primeiro
17 error Linux 4.4.0-66-generic
18 error argv "/home/teh35g/.nvm/versions/node/v7.7.4/bin/node" "/home/teh35g/.nvm/versions/node/v7.7.4/bin/npm" "run" "test"
19 error node v7.7.4
20 error npm  v4.1.2
21 error code ELIFECYCLE
22 error primeiro@1.0.0 test: `lab calc.spec.js`
22 error Exit status 1
23 error Failed at the primeiro@1.0.0 test script 'lab calc.spec.js'.
23 error Make sure you have the latest version of node.js and npm installed.
23 error If you do, this is most likely a problem with the primeiro package,
23 error not with npm itself.
23 error Tell the author that this fails on your system:
23 error     lab calc.spec.js
23 error You can get information on how to open an issue for this project with:
23 error     npm bugs primeiro
23 error Or if that isn't available, you can get their info via:
23 error     npm owner ls primeiro
23 error There is likely additional logging output above.
24 verbose exit [ 1, true ]
